[18/Oct/2022 17:26:24,101] bbb
[18/Oct/2022 17:28:30,926] ssssssss
[18/Oct/2022 17:29:16,555] y
[18/Oct/2022 17:29:31,351] yyyy
[18/Oct/2022 17:30:33,773] sdf
[18/Oct/2022 17:31:11,157] asd
[18/Oct/2022 17:31:11,157] dsa
[18/Oct/2022 17:31:54,097] h sdf
[18/Oct/2022 17:31:54,097] h sdf
[18/Oct/2022 17:32:28,154] h qweqweqweqwe
[18/Oct/2022 17:32:28,154] jules :e
[18/Oct/2022 17:34:22,555] h sdf
[18/Oct/2022 17:34:22,556] jules :sdfsdff
[18/Oct/2022 17:35:26,623] h sdf
[18/Oct/2022 17:35:26,623] h sdf
[18/Oct/2022 17:36:31,088] jules :sdf
[18/Oct/2022 17:36:36,112] jules :f
[18/Oct/2022 17:39:08,056] h sdf
[18/Oct/2022 17:39:08,056] jules :sdf
[18/Oct/2022 17:39:29,995] h sdf
[18/Oct/2022 17:39:29,995] jules :sdf
[18/Oct/2022 17:39:40,694] h asdf
[18/Oct/2022 17:39:40,694] jules :f
[18/Oct/2022 17:40:23,510] h qwerty
[18/Oct/2022 17:41:16,396] h sdf
[18/Oct/2022 17:41:23,971] h sgsdfgsdfg
[18/Oct/2022 17:41:54,928] h adfasdfttttttttttttttttttttttttt
